<?xml version="1.0" encoding="UTF-8"?>
<!-- Generated by org.testng.reporters.JUnitReportReporter -->
<testsuite hostname="592546L2540" failures="0" tests="1" name="cs.ing.software.practica.EjemploTest" time="0.057" errors="0" timestamp="2021-10-23T19:47:10 COT" skipped="0">
  <testcase classname="cs.ing.software.practica.EjemploTest" name="Test01" time="0.057"/>
  <system-out/>
</testsuite> <!-- cs.ing.software.practica.EjemploTest -->
